<?xml version='1.0' encoding='UTF-8'?>
<testsuite hostname="MBP-von-Tovias" name="RationalTest" tests="8" errors="0" failures="0" skipped="0" time="0.02" timestamp="2024-10-11T09:01:18">
          <properties>
      <property name="java.specification.version" value="17"/><property name="sun.jnu.encoding" value="UTF-8"/><property name="sun.arch.data.model" value="64"/><property name="java.vendor.url" value="https://adoptium.net/"/><property name="sun.boot.library.path" value="/Library/Java/JavaVirtualMachines/temurin-17.jdk/Contents/Home/lib"/><property name="sun.java.command" value="/Users/toviasnunezborrero/Library/Caches/Coursier/arc/https/github.com/sbt/sbt/releases/download/v1.10.2/sbt-1.10.2.zip/sbt/bin/sbt-launch.jar test"/><property name="jdk.debug" value="release"/><property name="sun.stderr.encoding" value="UTF-8"/><property name="java.specification.vendor" value="Oracle Corporation"/><property name="java.version.date" value="2024-04-16"/><property name="java.home" value="/Library/Java/JavaVirtualMachines/temurin-17.jdk/Contents/Home"/><property name="file.separator" value="/"/><property name="java.vm.compressedOopsMode" value="Zero based"/><property name="line.separator" value="
"/><property name="sun.stdout.encoding" value="UTF-8"/><property name="java.vm.specification.vendor" value="Oracle Corporation"/><property name="java.specification.name" value="Java Platform API Specification"/><property name="sun.management.compiler" value="HotSpot 64-Bit Tiered Compilers"/><property name="java.runtime.version" value="17.0.11+9"/><property name="user.name" value="toviasnunezborrero"/><property name="log4j.ignoreTCL" value="true"/><property name="file.encoding" value="UTF-8"/><property name="jnidispatch.path" value="/Users/toviasnunezborrero/Library/Caches/JNA/temp/jna1352875335708380237.tmp"/><property name="java.vendor.version" value="Temurin-17.0.11+9"/><property name="jna.loaded" value="true"/><property name="java.io.tmpdir" value="/var/folders/s1/fcnc3yxx2rj4g305s97dzx4h0000gn/T/"/><property name="java.version" value="17.0.11"/><property name="java.vm.specification.name" value="Java Virtual Machine Specification"/><property name="native.encoding" value="UTF-8"/><property name="java.library.path" value="/Users/toviasnunezborrero/Library/Java/Extensions:/Library/Java/Extensions:/Network/Library/Java/Extensions:/System/Library/Java/Extensions:/usr/lib/java:."/><property name="java.vendor" value="Eclipse Adoptium"/><property name="scala.ext.dirs" value="/Users/toviasnunezborrero/.sbt/1.0/java9-rt-ext-eclipse_adoptium_17_0_11"/><property name="sun.io.unicode.encoding" value="UnicodeBig"/><property name="socksNonProxyHosts" value="local|*.local|169.254/16|*.169.254/16"/><property name="java.class.path" value="/Users/toviasnunezborrero/Library/Caches/Coursier/arc/https/github.com/sbt/sbt/releases/download/v1.10.2/sbt-1.10.2.zip/sbt/bin/sbt-launch.jar"/><property name="java.vm.vendor" value="Eclipse Adoptium"/><property name="jline.shutdownhook" value="false"/><property name="user.timezone" value="Europe/Berlin"/><property name="java.vm.specification.version" value="17"/><property name="os.name" value="Mac OS X"/><property name="sun.java.launcher" value="SUN_STANDARD"/><property name="user.country" value="DE"/><property name="http.nonProxyHosts" value="local|*.local|169.254/16|*.169.254/16"/><property name="sun.cpu.endian" value="little"/><property name="user.home" value="/Users/toviasnunezborrero"/><property name="user.language" value="de"/><property name="sbt.script" value="/Users/toviasnunezborrero/Library/Caches/Coursier/arc/https/github.com/sbt/sbt/releases/download/v1.10.2/sbt-1.10.2.zip/sbt/bin/sbt"/><property name="sbt.ipcsocket.tmpdir" value="/var/folders/s1/fcnc3yxx2rj4g305s97dzx4h0000gn/T/.sbta94f3cb7/ipcsocket"/><property name="swoval.tmpdir" value="/var/folders/s1/fcnc3yxx2rj4g305s97dzx4h0000gn/T/.sbta94f3cb7/swoval"/><property name="jline.esc.timeout" value="0"/><property name="ftp.nonProxyHosts" value="local|*.local|169.254/16|*.169.254/16"/><property name="path.separator" value=":"/><property name="os.version" value="15.0.1"/><property name="jna.nosys" value="true"/><property name="java.runtime.name" value="OpenJDK Runtime Environment"/><property name="java.vm.name" value="OpenJDK 64-Bit Server VM"/><property name="jna.platform.library.path" value="/usr/lib:/usr/lib"/><property name="java.vendor.url.bug" value="https://github.com/adoptium/adoptium-support/issues"/><property name="user.dir" value="/Users/toviasnunezborrero/Documents/GitHub/ProgrammierkonzepteDataMining/Rational"/><property name="os.arch" value="x86_64"/><property name="java.vm.info" value="mixed mode"/><property name="java.vm.version" value="17.0.11+9"/><property name="java.class.version" value="61.0"/>
    </properties>
          <testcase classname="RationalTest" name="Creating and simplification of a rational number" time="0.018">
                      
                    </testcase><testcase classname="RationalTest" name="Denominator can not be  zero" time="0.001">
                      
                    </testcase><testcase classname="RationalTest" name="Addition of two rational numbers" time="0.0">
                      
                    </testcase><testcase classname="RationalTest" name="Subtraction of two rational numbers" time="0.0">
                      
                    </testcase><testcase classname="RationalTest" name="Negation of rational number" time="0.0">
                      
                    </testcase><testcase classname="RationalTest" name="Comparison of two rational number (less than)" time="0.001">
                      
                    </testcase><testcase classname="RationalTest" name="Max of two rational number" time="0.0">
                      
                    </testcase><testcase classname="RationalTest" name="Converting a rational to a double number" time="0.0">
                      
                    </testcase>
          <system-out><![CDATA[]]></system-out>
          <system-err><![CDATA[]]></system-err>
        </testsuite>