<?xml version='1.0' encoding='UTF-8'?>
<testsuite hostname="MacBook-Pro-von-Tovias.local" name="tree.TreeTest" tests="23" errors="0" failures="0" skipped="0" time="0.042" timestamp="2024-11-22T12:45:25">
          <properties>
      <property name="java.specification.version" value="23"/><property name="sun.jnu.encoding" value="UTF-8"/><property name="java.class.path" value="/usr/local/Cellar/sbt/1.10.5/libexec/bin/sbt-launch.jar"/><property name="java.vm.vendor" value="Homebrew"/><property name="sun.arch.data.model" value="64"/><property name="jline.shutdownhook" value="false"/><property name="java.vendor.url" value="https://github.com/Homebrew/homebrew-core/issues"/><property name="user.timezone" value="Europe/Berlin"/><property name="java.vm.specification.version" value="23"/><property name="os.name" value="Mac OS X"/><property name="sun.java.launcher" value="SUN_STANDARD"/><property name="user.country" value="DE"/><property name="sun.boot.library.path" value="/usr/local/Cellar/openjdk/23.0.1/libexec/openjdk.jdk/Contents/Home/lib"/><property name="sun.java.command" value="/usr/local/Cellar/sbt/1.10.5/libexec/bin/sbt-launch.jar test"/><property name="jdk.debug" value="release"/><property name="sun.cpu.endian" value="little"/><property name="user.home" value="/Users/toviasnunezborrero"/><property name="user.language" value="de"/><property name="sbt.script" value="/usr/local/Cellar/sbt/1.10.5/libexec/bin/sbt"/><property name="java.specification.vendor" value="Oracle Corporation"/><property name="sbt.ipcsocket.tmpdir" value="/var/folders/s1/fcnc3yxx2rj4g305s97dzx4h0000gn/T/.sbta94f3cb7/ipcsocket"/><property name="swoval.tmpdir" value="/var/folders/s1/fcnc3yxx2rj4g305s97dzx4h0000gn/T/.sbta94f3cb7/swoval"/><property name="java.version.date" value="2024-10-15"/><property name="java.home" value="/usr/local/Cellar/openjdk/23.0.1/libexec/openjdk.jdk/Contents/Home"/><property name="file.separator" value="/"/><property name="java.vm.compressedOopsMode" value="Zero based"/><property name="line.separator" value="
"/><property name="java.vm.specification.vendor" value="Oracle Corporation"/><property name="java.specification.name" value="Java Platform API Specification"/><property name="apple.awt.application.name" value="Boot"/><property name="jline.esc.timeout" value="0"/><property name="sun.management.compiler" value="HotSpot 64-Bit Tiered Compilers"/><property name="java.runtime.version" value="23.0.1"/><property name="user.name" value="toviasnunezborrero"/><property name="stdout.encoding" value="UTF-8"/><property name="path.separator" value=":"/><property name="os.version" value="15.1"/><property name="jna.nosys" value="true"/><property name="java.runtime.name" value="OpenJDK Runtime Environment"/><property name="log4j.ignoreTCL" value="true"/><property name="file.encoding" value="UTF-8"/><property name="jnidispatch.path" value="/Users/toviasnunezborrero/Library/Caches/JNA/temp/jna15358282992479499554.tmp"/><property name="java.vm.name" value="OpenJDK 64-Bit Server VM"/><property name="jna.platform.library.path" value="/usr/lib:/usr/lib"/><property name="java.vendor.version" value="Homebrew"/><property name="jna.loaded" value="true"/><property name="java.vendor.url.bug" value="https://github.com/Homebrew/homebrew-core/issues"/><property name="java.io.tmpdir" value="/var/folders/s1/fcnc3yxx2rj4g305s97dzx4h0000gn/T/"/><property name="java.version" value="23.0.1"/><property name="user.dir" value="/Users/toviasnunezborrero/Documents/GitHub/ProgrammierkonzepteDataMining/BelegListAndTreesAufgabe"/><property name="os.arch" value="x86_64"/><property name="java.vm.specification.name" value="Java Virtual Machine Specification"/><property name="native.encoding" value="UTF-8"/><property name="java.library.path" value="/Users/toviasnunezborrero/Library/Java/Extensions:/Library/Java/Extensions:/Network/Library/Java/Extensions:/System/Library/Java/Extensions:/usr/lib/java:."/><property name="java.vm.info" value="mixed mode, sharing"/><property name="stderr.encoding" value="UTF-8"/><property name="java.vendor" value="Homebrew"/><property name="java.vm.version" value="23.0.1"/><property name="scala.ext.dirs" value="/Users/toviasnunezborrero/.sbt/1.0/java9-rt-ext-homebrew_23_0_1"/><property name="sun.io.unicode.encoding" value="UnicodeBig"/><property name="java.class.version" value="67.0"/>
    </properties>
          <testcase classname="tree.TreeTest" name="Tree initialization test" time="0.013">
                      
                    </testcase><testcase classname="tree.TreeTest" name="Tree initialization test apply" time="0.002">
                      
                    </testcase><testcase classname="tree.TreeTest" name="Tree initialization test duplicates" time="0.002">
                      
                    </testcase><testcase classname="tree.TreeTest" name="size of the tree" time="0.001">
                      
                    </testcase><testcase classname="tree.TreeTest" name="height of the tree" time="0.001">
                      
                    </testcase><testcase classname="tree.TreeTest" name="contains an element" time="0.001">
                      
                    </testcase><testcase classname="tree.TreeTest" name="not contains an element" time="0.001">
                      
                    </testcase><testcase classname="tree.TreeTest" name="find Successor 0" time="0.001">
                      
                    </testcase><testcase classname="tree.TreeTest" name="find Successor 1" time="0.001">
                      
                    </testcase><testcase classname="tree.TreeTest" name="find Successor 2" time="0.002">
                      
                    </testcase><testcase classname="tree.TreeTest" name="find Successor 3" time="0.0">
                      
                    </testcase><testcase classname="tree.TreeTest" name="find Successor 4" time="0.0">
                      
                    </testcase><testcase classname="tree.TreeTest" name="delete Leaf" time="0.0">
                      
                    </testcase><testcase classname="tree.TreeTest" name="delete node missing right" time="0.0">
                      
                    </testcase><testcase classname="tree.TreeTest" name="delete node missing left" time="0.0">
                      
                    </testcase><testcase classname="tree.TreeTest" name="delete middle node" time="0.0">
                      
                    </testcase><testcase classname="tree.TreeTest" name="delete nothing" time="0.001">
                      
                    </testcase><testcase classname="tree.TreeTest" name="isBinaryTree true" time="0.001">
                      
                    </testcase><testcase classname="tree.TreeTest" name="isBinaryTree false 1" time="0.001">
                      
                    </testcase><testcase classname="tree.TreeTest" name="isBinaryTree false 2" time="0.0">
                      
                    </testcase><testcase classname="tree.TreeTest" name="tree2List" time="0.001">
                      
                    </testcase><testcase classname="tree.TreeTest" name="map x=&gt;x*x" time="0.002">
                      
                    </testcase><testcase classname="tree.TreeTest" name="filter x=&gt;x % 2==0" time="0.011">
                      
                    </testcase>
          <system-out><![CDATA[]]></system-out>
          <system-err><![CDATA[]]></system-err>
        </testsuite>